2026-01-26 10:43:43 [info] [Redis] connecting... 
2026-01-26 10:43:43 [info] [Redis] ready 
2026-01-26 10:43:43 [info] Initializing MySQL Database Connection... 
2026-01-26 10:48:46 [info] [Redis] connecting... 
2026-01-26 10:48:46 [info] [Redis] ready 
2026-01-26 10:48:46 [info] Initializing MySQL Database Connection... 
2026-01-26 11:05:11 [info] [Redis] connecting... 
2026-01-26 11:05:11 [info] [Redis] ready 
2026-01-26 11:05:11 [info] Initializing MySQL Database Connection... 
2026-01-26 11:05:19 [info] [Redis] connecting... 
2026-01-26 11:05:19 [info] [Redis] ready 
2026-01-26 11:05:19 [info] Initializing MySQL Database Connection... 
2026-01-26 11:09:46 [info] [Redis] connecting... 
2026-01-26 11:09:46 [info] [Redis] ready 
2026-01-26 11:09:46 [info] Initializing MySQL Database Connection... 
2026-01-26 11:10:51 [info] [Redis] connecting... 
2026-01-26 11:10:51 [info] [Redis] ready 
2026-01-26 11:10:51 [info] Initializing MySQL Database Connection... 
2026-01-26 11:11:10 [info] [Redis] connecting... 
2026-01-26 11:11:10 [info] [Redis] ready 
2026-01-26 11:11:10 [info] Initializing MySQL Database Connection... 
2026-01-26 11:11:15 [info] [Redis] connecting... 
2026-01-26 11:11:15 [info] [Redis] ready 
2026-01-26 11:11:15 [info] Initializing MySQL Database Connection... 
2026-01-26 11:11:22 [info] [Redis] connecting... 
2026-01-26 11:11:22 [info] [Redis] ready 
2026-01-26 11:11:22 [info] Initializing MySQL Database Connection... 
2026-01-26 11:12:53 [info] [Redis] connecting... 
2026-01-26 11:12:53 [info] [Redis] ready 
2026-01-26 11:12:53 [info] Initializing MySQL Database Connection... 
2026-01-26 11:13:08 [info] [Redis] connecting... 
2026-01-26 11:13:08 [info] [Redis] ready 
2026-01-26 11:13:08 [info] Initializing MySQL Database Connection... 
2026-01-26 11:13:57 [info] [Redis] connecting... 
2026-01-26 11:13:57 [info] [Redis] ready 
2026-01-26 11:13:57 [info] Initializing MySQL Database Connection... 
2026-01-26 11:14:11 [info] [Redis] connecting... 
2026-01-26 11:14:11 [info] [Redis] ready 
2026-01-26 11:14:11 [info] Initializing MySQL Database Connection... 
2026-01-26 11:15:37 [info] [Redis] connecting... 
2026-01-26 11:15:37 [info] [Redis] ready 
2026-01-26 11:15:37 [info] Initializing MySQL Database Connection... 
2026-01-26 11:15:55 [info] [Redis] connecting... 
2026-01-26 11:15:55 [info] [Redis] ready 
2026-01-26 11:15:55 [info] Initializing MySQL Database Connection... 
2026-01-26 11:16:16 [info] [Redis] connecting... 
2026-01-26 11:16:16 [info] [Redis] ready 
2026-01-26 11:16:16 [info] Initializing MySQL Database Connection... 
2026-01-26 11:18:19 [info] [Redis] connecting... 
2026-01-26 11:18:19 [info] [Redis] ready 
2026-01-26 11:18:19 [info] Initializing MySQL Database Connection... 
2026-01-26 11:18:39 [info] [Redis] connecting... 
2026-01-26 11:18:39 [info] [Redis] ready 
2026-01-26 11:18:39 [info] Initializing MySQL Database Connection... 
2026-01-26 11:18:45 [info] [Redis] connecting... 
2026-01-26 11:18:45 [info] [Redis] ready 
2026-01-26 11:18:45 [info] Initializing MySQL Database Connection... 
2026-01-26 11:18:51 [info] [Redis] connecting... 
2026-01-26 11:18:51 [info] [Redis] ready 
2026-01-26 11:18:51 [info] Initializing MySQL Database Connection... 
2026-01-26 11:19:12 [info] [Redis] connecting... 
2026-01-26 11:19:12 [info] [Redis] ready 
2026-01-26 11:19:12 [info] Initializing MySQL Database Connection... 
2026-01-26 14:30:42 [info] [Redis] connecting... 
2026-01-26 14:30:42 [info] [Redis] ready 
2026-01-26 14:30:42 [info] Initializing MySQL Database Connection... 
2026-01-26 14:33:10 [info] [Redis] connecting... 
2026-01-26 14:33:10 [info] [Redis] ready 
2026-01-26 14:33:10 [info] Initializing MySQL Database Connection... 
2026-01-26 14:33:19 [info] [Redis] connecting... 
2026-01-26 14:33:19 [info] [Redis] ready 
2026-01-26 14:33:19 [info] Initializing MySQL Database Connection... 
2026-01-26 14:33:58 [info] [Redis] connecting... 
2026-01-26 14:33:58 [info] [Redis] ready 
2026-01-26 14:33:58 [info] Initializing MySQL Database Connection... 
2026-01-26 14:34:18 [info] [Redis] connecting... 
2026-01-26 14:34:18 [info] [Redis] ready 
2026-01-26 14:34:18 [info] Initializing MySQL Database Connection... 
2026-01-26 14:35:21 [info] [Redis] connecting... 
2026-01-26 14:35:21 [info] [Redis] ready 
2026-01-26 14:35:21 [info] Initializing MySQL Database Connection... 
2026-01-26 14:49:51 [info] [Redis] connecting... 
2026-01-26 14:49:51 [info] [Redis] ready 
2026-01-26 14:49:51 [info] Initializing MySQL Database Connection... 
2026-01-26 14:50:27 [info] [Redis] connecting... 
2026-01-26 14:50:27 [info] [Redis] ready 
2026-01-26 14:50:27 [info] Initializing MySQL Database Connection... 
2026-01-26 14:52:40 [info] [Redis] connecting... 
2026-01-26 14:52:40 [info] [Redis] ready 
2026-01-26 14:52:40 [info] Initializing MySQL Database Connection... 
2026-01-26 14:53:23 [info] [Redis] connecting... 
2026-01-26 14:53:23 [info] [Redis] ready 
2026-01-26 14:53:23 [info] Initializing MySQL Database Connection... 
2026-01-26 14:54:35 [info] [Redis] connecting... 
2026-01-26 14:54:35 [info] [Redis] ready 
2026-01-26 14:54:35 [info] Initializing MySQL Database Connection... 
2026-01-26 14:55:37 [info] [Redis] connecting... 
2026-01-26 14:55:37 [info] [Redis] ready 
2026-01-26 14:55:37 [info] Initializing MySQL Database Connection... 
2026-01-26 14:56:08 [info] [Redis] connecting... 
2026-01-26 14:56:08 [info] [Redis] ready 
2026-01-26 14:56:08 [info] Initializing MySQL Database Connection... 
2026-01-26 14:57:24 [info] [Redis] connecting... 
2026-01-26 14:57:24 [info] [Redis] ready 
2026-01-26 14:57:24 [info] Initializing MySQL Database Connection... 
2026-01-26 14:58:09 [info] [Redis] connecting... 
2026-01-26 14:58:09 [info] [Redis] ready 
2026-01-26 14:58:09 [info] Initializing MySQL Database Connection... 
2026-01-26 14:59:08 [info] [Redis] connecting... 
2026-01-26 14:59:08 [info] [Redis] ready 
2026-01-26 14:59:08 [info] Initializing MySQL Database Connection... 
2026-01-26 15:47:12 [info] [Redis] connecting... 
2026-01-26 15:47:12 [info] [Redis] ready 
2026-01-26 15:47:12 [info] Initializing MySQL Database Connection... 
2026-01-26 16:01:27 [info] [Redis] connecting... 
2026-01-26 16:01:27 [info] [Redis] ready 
2026-01-26 16:01:27 [info] Initializing MySQL Database Connection... 
2026-01-26 16:04:11 [info] [Redis] connecting... 
2026-01-26 16:04:11 [info] [Redis] ready 
2026-01-26 16:04:11 [info] Initializing MySQL Database Connection... 
2026-01-26 16:05:21 [info] [Redis] connecting... 
2026-01-26 16:05:21 [info] [Redis] ready 
2026-01-26 16:05:21 [info] Initializing MySQL Database Connection... 
2026-01-26 16:05:34 [info] [Redis] connecting... 
2026-01-26 16:05:34 [info] [Redis] ready 
2026-01-26 16:05:34 [info] Initializing MySQL Database Connection... 
{"level":"info","message":"[Redis] connecting...","timestamp":"2026-01-26 16:05:48"}
{"level":"info","message":"[Redis] ready","timestamp":"2026-01-26 16:05:48"}
{"level":"info","message":"Initializing MySQL Database Connection...","timestamp":"2026-01-26 16:05:48"}
2026-01-26 16:10:58 [info] [Redis] connecting... 
2026-01-26 16:10:58 [info] [Redis] ready 
2026-01-26 16:10:58 [info] Initializing MySQL Database Connection... 
2026-01-26 16:43:29 [info] [Redis] connecting... 
2026-01-26 16:43:29 [info] [Redis] ready 
2026-01-26 16:43:29 [info] Initializing MySQL Database Connection... 
2026-01-26 16:45:26 [info] Root endpoint accessed 
2026-01-26 16:45:26 [warn] This is a warning message 
2026-01-26 16:45:26 [error] This is an error message 
2026-01-26 16:45:26 [info] GET / 200 13 - 4.814 ms {} 
2026-01-26 16:45:27 [info] GET /favicon.ico 404 150 - 1.449 ms {} 
2026-01-26 16:58:42 [info] Root endpoint accessed 
2026-01-26 16:58:42 [warn] This is a warning message 
2026-01-26 16:58:42 [error] This is an error message 
2026-01-26 16:58:42 [info] GET / 200 13 - 4.092 ms {} 
2026-01-26 17:02:23 [info] Root endpoint accessed 
2026-01-26 17:02:23 [warn] This is a warning message 
2026-01-26 17:02:23 [error] This is an error message 
2026-01-26 17:02:23 [info] GET / 200 13 - 1.591 ms {} 
2026-01-26 17:03:17 [info] GET /api/site-menu 200 162 - 0.631 ms {} 
2026-01-26 17:07:27 [info] [Redis] connecting... 
2026-01-26 17:07:27 [info] [Redis] ready 
2026-01-26 17:07:27 [info] Initializing MySQL Database Connection... 
2026-01-26 17:08:22 [info] [Redis] connecting... 
2026-01-26 17:08:22 [info] [Redis] ready 
2026-01-26 17:08:22 [info] Initializing MySQL Database Connection... 
2026-01-26 17:09:29 [info] [Redis] connecting... 
2026-01-26 17:09:29 [info] [Redis] ready 
2026-01-26 17:09:29 [info] Initializing MySQL Database Connection... 
2026-01-26 17:11:14 [info] [Redis] connecting... 
2026-01-26 17:11:14 [info] [Redis] ready 
2026-01-26 17:11:14 [info] Initializing MySQL Database Connection... 
2026-01-26 17:12:13 [info] [Redis] connecting... 
2026-01-26 17:12:13 [info] [Redis] ready 
2026-01-26 17:12:13 [info] Initializing MySQL Database Connection... 
2026-01-26 17:12:57 [info] [Redis] connecting... 
2026-01-26 17:12:57 [info] [Redis] ready 
2026-01-26 17:12:57 [info] Initializing MySQL Database Connection... 
2026-01-26 17:21:48 [info] [Redis] connecting... 
2026-01-26 17:21:48 [info] [Redis] ready 
2026-01-26 17:21:48 [info] Initializing MySQL Database Connection... 
2026-01-26 17:21:53 [info] [Redis] connecting... 
2026-01-26 17:21:53 [info] [Redis] ready 
2026-01-26 17:21:53 [info] Initializing MySQL Database Connection... 
2026-01-26 17:23:08 [info] [Redis] connecting... 
2026-01-26 17:23:08 [info] [Redis] ready 
2026-01-26 17:23:08 [info] Initializing MySQL Database Connection... 
2026-01-26 17:24:46 [info] [Redis] connecting... 
2026-01-26 17:24:46 [info] [Redis] ready 
2026-01-26 17:24:46 [info] Initializing MySQL Database Connection... 
2026-01-26 17:24:55 [info] [Redis] connecting... 
2026-01-26 17:24:55 [info] [Redis] ready 
2026-01-26 17:24:55 [info] Initializing MySQL Database Connection... 
2026-01-26 17:25:36 [info] [Redis] connecting... 
2026-01-26 17:25:36 [info] [Redis] ready 
2026-01-26 17:25:36 [info] Initializing MySQL Database Connection... 
2026-01-26 17:27:01 [info] [Redis] connecting... 
2026-01-26 17:27:01 [info] [Redis] ready 
2026-01-26 17:27:01 [info] Initializing MySQL Database Connection... 
2026-01-26 17:30:01 [info] [Redis] connecting... 
2026-01-26 17:30:01 [info] [Redis] ready 
2026-01-26 17:30:01 [info] Initializing MySQL Database Connection... 
2026-01-26 17:30:40 [info] [Redis] connecting... 
2026-01-26 17:30:40 [info] [Redis] ready 
2026-01-26 17:30:40 [info] Initializing MySQL Database Connection... 
2026-01-26 17:31:31 [info] [Redis] connecting... 
2026-01-26 17:31:31 [info] [Redis] ready 
2026-01-26 17:31:31 [info] Initializing MySQL Database Connection... 
2026-01-26 17:31:49 [info] [Redis] connecting... 
2026-01-26 17:31:49 [info] [Redis] ready 
2026-01-26 17:31:49 [info] Initializing MySQL Database Connection... 
2026-01-26 17:32:00 [error] res.sendSuccess is not a function {"stack":"TypeError: res.sendSuccess is not a function\n    at getMenu (/usr/zwp/site-server/src/siteMenu/siteMenu.controller.ts:7:9)\n    at Layer.handleRequest (/usr/zwp/site-server/node_modules/.pnpm/router@2.2.0/node_modules/router/lib/layer.js:152:17)\n    at next (/usr/zwp/site-server/node_modules/.pnpm/router@2.2.0/node_modules/router/lib/route.js:157:13)\n    at Route.dispatch (/usr/zwp/site-server/node_modules/.pnpm/router@2.2.0/node_modules/router/lib/route.js:117:3)\n    at handle (/usr/zwp/site-server/node_modules/.pnpm/router@2.2.0/node_modules/router/index.js:435:11)\n    at Layer.handleRequest (/usr/zwp/site-server/node_modules/.pnpm/router@2.2.0/node_modules/router/lib/layer.js:152:17)\n    at /usr/zwp/site-server/node_modules/.pnpm/router@2.2.0/node_modules/router/index.js:295:15\n    at processParams (/usr/zwp/site-server/node_modules/.pnpm/router@2.2.0/node_modules/router/index.js:582:12)\n    at next (/usr/zwp/site-server/node_modules/.pnpm/router@2.2.0/node_modules/router/index.js:291:5)\n    at Function.handle (/usr/zwp/site-server/node_modules/.pnpm/router@2.2.0/node_modules/router/index.js:186:3)","method":"GET","url":"/api/site-menu","ip":"::ffff:127.0.0.1"}
2026-01-26 17:32:00 [info] GET /api/site-menu 500 35 - 5.545 ms {} 
2026-01-26 17:33:15 [info] [Redis] connecting... 
2026-01-26 17:33:15 [info] [Redis] ready 
2026-01-26 17:33:15 [info] Initializing MySQL Database Connection... 
2026-01-26 17:33:18 [info] GET /api/site-menu 200 226 - 2.072 ms {} 
2026-01-26 17:40:35 [info] GET /api/getMenu 404 150 - 3.780 ms {} 
2026-01-26 17:40:40 [info] GET /api/getMenu 404 150 - 0.627 ms {} 
2026-01-26 17:41:08 [info] [Redis] connecting... 
2026-01-26 17:41:08 [info] [Redis] ready 
2026-01-26 17:41:08 [info] Initializing MySQL Database Connection... 
2026-01-26 17:41:26 [info] [Redis] connecting... 
2026-01-26 17:41:26 [info] [Redis] ready 
2026-01-26 17:41:26 [info] Initializing MySQL Database Connection... 
2026-01-26 17:41:31 [info] GET /api/getMenu 200 226 - 2.161 ms {} 
2026-01-26 17:41:36 [info] GET /api/getMenu 200 226 - 0.667 ms {} 
2026-01-26 17:42:57 [info] [Redis] connecting... 
2026-01-26 17:42:57 [info] [Redis] ready 
2026-01-26 17:42:57 [info] Initializing MySQL Database Connection... 
2026-01-26 17:43:16 [info] GET /api/getMenu 200 367 - 2.154 ms {} 
2026-01-26 17:45:16 [info] GET /api/getMenu 200 367 - 0.568 ms {} 
2026-01-26 17:51:14 [info] GET /api/getMenu 200 367 - 0.492 ms {} 
2026-01-26 17:53:03 [info] GET /api/getMenu 200 367 - 0.351 ms {} 
2026-01-26 17:53:54 [info] GET /api/getMenu 200 367 - 0.516 ms {} 
2026-01-26 17:55:39 [info] GET /api/getMenu 200 367 - 0.398 ms {} 
2026-01-26 17:57:20 [info] GET /api/getMenu 200 367 - 0.361 ms {} 
2026-01-26 17:57:31 [info] GET /api/getMenu 200 367 - 0.321 ms {} 
2026-01-26 17:57:36 [info] GET /api/getMenu 200 367 - 0.369 ms {} 
2026-01-26 17:58:22 [info] GET /api/getMenu 200 367 - 0.559 ms {} 
2026-01-26 17:58:27 [info] GET /api/getMenu 200 367 - 0.346 ms {} 
2026-01-26 18:00:14 [info] GET /api/getMenu 200 367 - 0.508 ms {} 
2026-01-26 18:00:29 [info] GET /api/getMenu 200 367 - 0.577 ms {} 
2026-01-26 18:03:27 [info] [Redis] connecting... 
2026-01-26 18:03:27 [info] [Redis] ready 
2026-01-26 18:03:27 [info] Initializing MySQL Database Connection... 
2026-01-26 18:04:14 [info] GET /api/getMenu 200 1213 - 2.180 ms {} 
2026-01-26 18:05:15 [info] GET /api/getMenu 200 1213 - 0.579 ms {} 
2026-01-26 18:08:56 [info] GET /api/getMenu 200 1213 - 0.537 ms {} 
2026-01-26 19:57:57 [info] GET /api/getMenu 200 1213 - 83.288 ms {} 
2026-01-26 19:58:25 [info] GET /api/getMenu 200 1213 - 9.427 ms {} 
2026-01-26 19:59:24 [info] GET /api/getMenu 200 1213 - 2.042 ms {} 
2026-01-26 19:59:53 [info] [Redis] connecting... 
2026-01-26 19:59:53 [info] [Redis] ready 
2026-01-26 19:59:53 [info] Initializing MySQL Database Connection... 
2026-01-26 19:59:54 [info] GET /api/getMenu 200 2029 - 2.206 ms {} 
2026-01-26 20:00:40 [info] [Redis] connecting... 
2026-01-26 20:00:40 [info] [Redis] ready 
2026-01-26 20:00:40 [info] Initializing MySQL Database Connection... 
2026-01-26 20:00:44 [info] GET /api/getMenu 200 2030 - 2.186 ms {} 
2026-01-26 20:01:36 [info] [Redis] connecting... 
2026-01-26 20:01:36 [info] [Redis] ready 
2026-01-26 20:01:36 [info] Initializing MySQL Database Connection... 
2026-01-26 20:01:40 [info] GET /api/getMenu 200 2846 - 2.278 ms {} 
2026-01-26 20:03:02 [info] GET /api/getMenu 200 2846 - 0.681 ms {} 
2026-01-26 20:03:02 [info] GET /api/getMenu 200 2846 - 0.513 ms {} 
2026-01-26 20:03:22 [info] GET /api/getMenu 200 2846 - 0.404 ms {} 
2026-01-26 20:03:52 [info] GET /api/getMenu 200 2846 - 0.504 ms {} 
2026-01-26 20:04:34 [info] GET /api/getMenu 200 2846 - 0.404 ms {} 
2026-01-26 20:04:34 [info] GET /api/getMenu 200 2846 - 0.368 ms {} 
2026-01-26 20:04:39 [info] GET /api/getMenu 200 2846 - 0.353 ms {} 
2026-01-26 20:04:39 [info] GET /api/getMenu 200 2846 - 0.343 ms {} 
2026-01-26 20:04:54 [info] GET /api/getMenu 200 2846 - 0.524 ms {} 
2026-01-26 20:05:32 [info] GET /api/getMenu 200 2846 - 0.399 ms {} 
2026-01-26 20:05:34 [info] GET /api/getMenu 200 2846 - 0.505 ms {} 
2026-01-26 20:05:35 [info] GET /api/getMenu 200 2846 - 0.468 ms {} 
2026-01-26 20:05:35 [info] GET /api/getMenu 200 2846 - 0.341 ms {} 
2026-01-26 20:05:35 [info] GET /api/getMenu 200 2846 - 0.343 ms {} 
2026-01-26 20:05:36 [info] GET /api/getMenu 200 2846 - 0.311 ms {} 
2026-01-26 20:05:36 [info] GET /api/getMenu 200 2846 - 0.317 ms {} 
2026-01-26 20:06:31 [info] GET /api/getMenu 200 2846 - 0.321 ms {} 
2026-01-26 20:06:31 [info] GET /api/getMenu 200 2846 - 0.392 ms {} 
2026-01-26 20:06:39 [info] GET /api/getMenu 200 2846 - 0.324 ms {} 
2026-01-26 20:08:12 [info] GET /api/getMenu 200 2846 - 0.343 ms {} 
2026-01-26 20:08:12 [info] GET /api/getMenu 200 2846 - 0.298 ms {} 
2026-01-26 20:08:21 [info] GET /api/getMenu 200 2846 - 0.404 ms {} 
2026-01-26 20:10:53 [info] GET /api/getMenu 200 2846 - 0.322 ms {} 
2026-01-26 20:10:57 [info] GET /api/getMenu 200 2846 - 0.332 ms {} 
2026-01-26 20:10:57 [info] GET /api/getMenu 200 2846 - 0.312 ms {} 
2026-01-26 20:11:01 [info] GET /api/getMenu 200 2846 - 0.481 ms {} 
2026-01-26 20:11:02 [info] GET /api/getMenu 200 2846 - 0.369 ms {} 
2026-01-26 20:11:02 [info] GET /api/getMenu 200 2846 - 0.293 ms {} 
2026-01-26 20:11:06 [info] GET /api/getMenu 200 2846 - 0.328 ms {} 
2026-01-26 20:11:06 [info] GET /api/getMenu 200 2846 - 0.312 ms {} 
2026-01-26 20:11:18 [info] GET /api/getMenu 200 2846 - 0.331 ms {} 
2026-01-26 20:11:22 [info] GET /api/getMenu 200 2846 - 0.337 ms {} 
2026-01-26 20:12:35 [info] GET /api/getMenu 200 2846 - 0.350 ms {} 
2026-01-26 20:12:35 [info] GET /api/getMenu 200 2846 - 0.337 ms {} 
2026-01-26 20:13:07 [info] GET /api/getMenu 200 2846 - 0.374 ms {} 
2026-01-26 20:13:07 [info] GET /api/getMenu 200 2846 - 0.335 ms {} 
2026-01-26 20:13:10 [info] GET /api/getMenu 200 2846 - 0.381 ms {} 
2026-01-26 20:13:30 [info] GET /api/getMenu 200 2846 - 0.358 ms {} 
2026-01-26 20:13:30 [info] GET /api/getMenu 200 2846 - 0.268 ms {} 
2026-01-26 20:13:35 [info] GET /api/getMenu 200 2846 - 0.337 ms {} 
2026-01-26 20:13:43 [info] GET /api/getMenu 200 2846 - 0.311 ms {} 
2026-01-26 20:13:43 [info] GET /api/getMenu 200 2846 - 0.286 ms {} 
2026-01-26 20:13:45 [info] GET /api/getMenu 200 2846 - 0.306 ms {} 
2026-01-26 20:14:54 [info] [Redis] connecting... 
2026-01-26 20:14:54 [info] [Redis] ready 
2026-01-26 20:14:54 [info] Initializing MySQL Database Connection... 
2026-01-26 20:14:54 [info] GET /api/getMenu 200 2846 - 2.285 ms {} 
2026-01-26 20:15:12 [info] GET /api/getMenu 200 2846 - 0.611 ms {} 
2026-01-26 20:16:04 [info] GET /wp-includes/wlwmanifest.xml 404 166 - 2.368 ms {} 
2026-01-26 20:17:44 [info] GET /api/getMenu 200 2846 - 0.447 ms {} 
2026-01-26 20:17:44 [info] GET /api/getMenu 200 2846 - 0.403 ms {} 
2026-01-26 20:17:46 [info] GET /api/getMenu 200 2846 - 0.415 ms {} 
2026-01-26 20:19:01 [info] GET /api/getMenu 200 2846 - 0.385 ms {} 
2026-01-26 20:19:01 [info] GET /api/getMenu 200 2846 - 0.376 ms {} 
2026-01-26 20:19:06 [info] GET /api/getMenu 200 2846 - 0.359 ms {} 
2026-01-26 20:19:27 [info] GET /api/getMenu 200 2846 - 0.434 ms {} 
2026-01-26 20:19:27 [info] GET /api/getMenu 200 2846 - 0.310 ms {} 
2026-01-26 20:19:30 [info] GET /api/getMenu 200 2846 - 0.528 ms {} 
2026-01-26 20:20:38 [info] GET /api/getMenu 200 2846 - 0.418 ms {} 
2026-01-26 20:20:38 [info] GET /api/getMenu 200 2846 - 0.551 ms {} 
2026-01-26 20:20:43 [info] GET /api/getMenu 200 2846 - 0.447 ms {} 
2026-01-26 20:20:43 [info] GET /api/getMenu 200 2846 - 0.294 ms {} 
2026-01-26 20:20:58 [info] GET /api/getMenu 200 2846 - 0.345 ms {} 
2026-01-26 20:21:14 [info] GET /api/getMenu 200 2846 - 0.341 ms {} 
2026-01-26 20:22:00 [info] GET /api/getMenu 200 2846 - 0.337 ms {} 
2026-01-26 20:22:00 [info] GET /api/getMenu 200 2846 - 0.409 ms {} 
2026-01-26 20:22:06 [info] GET /api/getMenu 200 2846 - 0.346 ms {} 
2026-01-26 20:22:06 [info] GET /api/getMenu 200 2846 - 0.277 ms {} 
2026-01-26 20:22:14 [info] GET /api/getMenu 200 2846 - 0.360 ms {} 
2026-01-26 20:22:14 [info] GET /api/getMenu 200 2846 - 0.358 ms {} 
2026-01-26 20:22:26 [info] GET /api/getMenu 200 2846 - 0.328 ms {} 
2026-01-26 20:25:21 [info] [Redis] connecting... 
2026-01-26 20:25:21 [info] [Redis] ready 
2026-01-26 20:25:21 [info] Initializing MySQL Database Connection... 
2026-01-26 20:25:29 [info] GET /api/getMenu 200 2845 - 2.698 ms {} 
2026-01-26 20:25:42 [info] [Redis] connecting... 
2026-01-26 20:25:42 [info] [Redis] ready 
2026-01-26 20:25:42 [info] Initializing MySQL Database Connection... 
2026-01-26 20:25:44 [info] GET /api/getMenu 200 2845 - 2.276 ms {} 
2026-01-26 20:25:50 [info] [Redis] connecting... 
2026-01-26 20:25:50 [info] [Redis] ready 
2026-01-26 20:25:50 [info] Initializing MySQL Database Connection... 
2026-01-26 20:30:26 [info] [Redis] connecting... 
2026-01-26 20:30:26 [info] [Redis] ready 
2026-01-26 20:30:26 [info] Initializing MySQL Database Connection... 
2026-01-26 20:30:57 [info] [Redis] connecting... 
2026-01-26 20:30:57 [info] [Redis] ready 
2026-01-26 20:30:57 [info] Initializing MySQL Database Connection... 
2026-01-26 20:31:26 [info] GET /1.txt 404 144 - 2.198 ms {} 
2026-01-26 20:45:00 [info] [Redis] connecting... 
2026-01-26 20:45:00 [info] [Redis] ready 
2026-01-26 20:45:00 [info] Initializing MySQL Database Connection... 
2026-01-26 20:45:16 [info] GET /api/getMenu 200 2856 - 2.153 ms {} 
2026-01-26 20:47:16 [info] GET /api/getMenu 200 2856 - 0.562 ms {} 
2026-01-26 20:47:25 [info] GET /api/getMenu 200 2856 - 0.445 ms {} 
2026-01-26 20:47:25 [info] GET /api/getMenu 200 2856 - 0.355 ms {} 
2026-01-26 20:47:39 [info] GET /api/getMenu 200 2856 - 0.578 ms {} 
2026-01-26 20:47:43 [info] GET /api/getMenu 200 2856 - 0.385 ms {} 
2026-01-26 20:48:20 [info] GET /api/getMenu 200 2856 - 0.450 ms {} 
2026-01-26 20:56:01 [info] GET /api/getMenu 200 2856 - 0.412 ms {} 
2026-01-26 20:56:01 [info] GET /api/getMenu 200 2856 - 0.408 ms {} 
2026-01-28 10:57:50 [info] [Redis] connecting... 
2026-01-28 10:57:50 [info] [Redis] ready 
2026-01-28 10:57:50 [info] Initializing MySQL Database Connection... 
2026-01-28 10:57:59 [info] GET /api/getMenu 200 2856 - 2.132 ms {} 
2026-01-28 10:58:19 [info] GET /api/getMenu 200 2856 - 0.742 ms {} 
2026-01-28 10:58:35 [info] [Redis] connecting... 
2026-01-28 10:58:35 [info] [Redis] ready 
2026-01-28 10:58:35 [info] Initializing MySQL Database Connection... 
2026-01-28 10:58:36 [info] GET /api/getMenu 200 2858 - 2.085 ms {} 
2026-01-28 10:58:45 [info] [Redis] connecting... 
2026-01-28 10:58:45 [info] [Redis] ready 
2026-01-28 10:58:45 [info] Initializing MySQL Database Connection... 
2026-01-28 10:58:49 [info] GET /api/getMenu 200 2856 - 2.217 ms {} 
2026-01-28 10:58:54 [info] [Redis] connecting... 
2026-01-28 10:58:54 [info] [Redis] ready 
2026-01-28 10:58:54 [info] Initializing MySQL Database Connection... 
2026-01-28 10:59:00 [info] [Redis] connecting... 
2026-01-28 10:59:00 [info] [Redis] ready 
2026-01-28 10:59:00 [info] Initializing MySQL Database Connection... 
2026-01-28 10:59:02 [info] GET /api/getMenu 200 2857 - 2.155 ms {} 
2026-01-28 11:00:25 [info] [Redis] connecting... 
2026-01-28 11:00:25 [info] [Redis] ready 
2026-01-28 11:00:25 [info] Initializing MySQL Database Connection... 
2026-01-28 11:00:28 [info] GET /api/getMenu 200 2865 - 2.072 ms {} 
2026-01-28 11:00:35 [info] GET /api/getMenu 200 2865 - 0.478 ms {} 
2026-01-28 11:00:55 [info] [Redis] connecting... 
2026-01-28 11:00:55 [info] [Redis] ready 
2026-01-28 11:00:55 [info] Initializing MySQL Database Connection... 
2026-01-28 11:00:58 [info] GET /api/getMenu 200 2931 - 2.138 ms {} 
2026-01-28 11:02:26 [info] [Redis] connecting... 
2026-01-28 11:02:26 [info] [Redis] ready 
2026-01-28 11:02:26 [info] Initializing MySQL Database Connection... 
2026-01-28 11:02:30 [info] GET /api/getMenu 200 2937 - 2.204 ms {} 
2026-01-28 11:05:15 [info] [Redis] connecting... 
2026-01-28 11:05:15 [info] [Redis] ready 
2026-01-28 11:05:15 [info] Initializing MySQL Database Connection... 
2026-01-28 11:05:17 [info] GET /api/getMenu 200 2937 - 2.152 ms {} 
2026-01-28 11:11:50 [info] GET /api/getMenu 200 2937 - 0.531 ms {} 
2026-01-28 11:11:58 [info] [Redis] connecting... 
2026-01-28 11:11:58 [info] [Redis] ready 
2026-01-28 11:11:58 [info] Initializing MySQL Database Connection... 
2026-01-28 11:12:03 [info] GET /api/getMenu 200 2311 - 2.146 ms {} 
2026-01-28 11:14:19 [info] [Redis] connecting... 
2026-01-28 11:14:19 [info] [Redis] ready 
2026-01-28 11:14:19 [info] Initializing MySQL Database Connection... 
2026-01-28 11:14:27 [info] GET /api/getMenu 200 2309 - 2.045 ms {} 
2026-01-28 11:14:59 [info] [Redis] connecting... 
2026-01-28 11:14:59 [info] [Redis] ready 
2026-01-28 11:14:59 [info] Initializing MySQL Database Connection... 
2026-01-28 11:15:02 [info] GET /api/getMenu 200 677 - 2.159 ms {} 
2026-01-28 11:17:38 [info] [Redis] connecting... 
2026-01-28 11:17:38 [info] [Redis] ready 
2026-01-28 11:17:38 [info] Initializing MySQL Database Connection... 
2026-01-28 11:18:00 [info] [Redis] connecting... 
2026-01-28 11:18:00 [info] [Redis] ready 
2026-01-28 11:18:00 [info] Initializing MySQL Database Connection... 
2026-01-28 11:19:25 [info] [Redis] connecting... 
2026-01-28 11:19:25 [info] [Redis] ready 
2026-01-28 11:19:25 [info] Initializing MySQL Database Connection... 
2026-01-28 11:19:28 [info] GET /api/getMenu 200 764 - 2.066 ms {} 
2026-01-28 11:19:57 [info] [Redis] connecting... 
2026-01-28 11:19:57 [info] [Redis] ready 
2026-01-28 11:19:57 [info] Initializing MySQL Database Connection... 
2026-01-28 11:21:12 [info] [Redis] connecting... 
2026-01-28 11:21:12 [info] [Redis] ready 
2026-01-28 11:21:12 [info] Initializing MySQL Database Connection... 
2026-01-28 11:21:15 [info] [Redis] connecting... 
2026-01-28 11:21:15 [info] [Redis] ready 
2026-01-28 11:21:15 [info] Initializing MySQL Database Connection... 
2026-01-28 11:21:17 [info] GET /api/getMenu 200 849 - 2.088 ms {} 
2026-01-28 11:24:04 [info] [Redis] connecting... 
2026-01-28 11:24:05 [info] [Redis] ready 
2026-01-28 11:24:05 [info] Initializing MySQL Database Connection... 
2026-01-28 11:24:08 [info] GET /api/getMenu 200 855 - 2.233 ms {} 
2026-01-28 11:24:54 [info] [Redis] connecting... 
2026-01-28 11:24:54 [info] [Redis] ready 
2026-01-28 11:24:54 [info] Initializing MySQL Database Connection... 
2026-01-28 11:25:02 [info] GET /api/getMenu 200 871 - 2.152 ms {} 
2026-01-28 11:59:37 [info] GET /api/getMenu 200 871 - 0.567 ms {} 
2026-01-28 13:33:58 [info] Root endpoint accessed 
2026-01-28 13:33:58 [warn] This is a warning message 
2026-01-28 13:33:58 [error] This is an error message 
2026-01-28 13:33:58 [info] GET / 200 13 - 1.890 ms {} 
2026-01-28 13:34:07 [info] Root endpoint accessed 
2026-01-28 13:34:07 [warn] This is a warning message 
2026-01-28 13:34:07 [error] This is an error message 
2026-01-28 13:34:07 [info] GET / 200 13 - 2.775 ms {} 
2026-01-28 13:44:36 [info] Root endpoint accessed 
2026-01-28 13:44:36 [warn] This is a warning message 
2026-01-28 13:44:36 [error] This is an error message 
2026-01-28 13:44:36 [info] GET / 200 13 - 1.668 ms {} 
2026-03-10 16:58:22 [info] [Redis] connecting... 
2026-03-10 16:58:22 [info] [Redis] ready 
2026-03-10 16:58:22 [info] Initializing MySQL Database Connection... 
2026-03-10 16:59:55 [info] [Redis] connecting... 
2026-03-10 16:59:55 [info] [Redis] ready 
2026-03-10 16:59:55 [info] Initializing MySQL Database Connection... 
2026-03-10 17:00:05 [info] [Redis] connecting... 
2026-03-10 17:00:05 [info] [Redis] ready 
2026-03-10 17:00:05 [info] Initializing MySQL Database Connection... 
2026-03-19 15:52:58 [info] [Redis] connecting... 
2026-03-19 15:52:58 [info] [Redis] ready 
2026-03-19 15:52:58 [info] Initializing MySQL Database Connection... 
2026-03-19 15:53:12 [info] POST /agent/chat 404 150 - 1.060 ms {"messages":[{"role":"user","content":"你好"}]} 
2026-03-19 15:53:20 [info] POST /api/agent/chat 200 85 - 2.083 ms {"messages":[{"role":"user","content":"你好"}]} 
2026-03-19 15:55:26 [info] [Redis] connecting... 
2026-03-19 15:55:26 [info] [Redis] ready 
2026-03-19 15:55:26 [info] Initializing MySQL Database Connection... 
2026-03-19 15:55:33 [info] POST /api/agent/chat 200 132 - 2626.723 ms {"messages":[{"role":"user","content":"你好"}]} 
2026-03-19 15:56:11 [info] POST /api/agent/chat 200 2724 - 21329.376 ms {"messages":[{"role":"user","content":"帮我生成一个饲喂需求计划"}]} 
2026-03-19 15:56:56 [info] [Redis] connecting... 
2026-03-19 15:56:56 [info] [Redis] ready 
2026-03-19 15:56:56 [info] Initializing MySQL Database Connection... 
2026-03-19 15:57:04 [info] [Redis] connecting... 
2026-03-19 15:57:04 [info] [Redis] ready 
2026-03-19 15:57:04 [info] Initializing MySQL Database Connection... 
2026-03-19 15:57:41 [info] POST /api/agent/chat 200 - - 2264.607 ms {"messages":[{"role":"user","content":"帮我生成一个饲喂需求计划"}]} 
2026-03-19 15:58:57 [info] [Redis] connecting... 
2026-03-19 15:58:57 [info] [Redis] ready 
2026-03-19 15:58:57 [info] Initializing MySQL Database Connection... 
2026-03-19 15:59:31 [info] POST /api/agent/chat 200 - - 3504.728 ms {"messages":[{"role":"user","content":"帮我生成一个饲喂需求计划"}]} 
2026-03-19 16:06:42 [info] [Redis] connecting... 
2026-03-19 16:06:42 [info] [Redis] ready 
2026-03-19 16:06:42 [info] Initializing MySQL Database Connection... 
2026-03-19 16:07:11 [info] POST /api/agent/chat - - - - ms {"messages":[{"role":"user","content":"帮我生成一个饲喂需求计划"}]} 
2026-03-19 16:08:09 [info] [Redis] connecting... 
2026-03-19 16:08:09 [info] [Redis] ready 
2026-03-19 16:08:09 [info] Initializing MySQL Database Connection... 
2026-03-19 16:08:44 [info] POST /api/agent/chat 200 - - 2991.280 ms {"messages":[{"role":"user","content":"帮我生成一个饲喂需求计划"}]} 
2026-03-19 16:17:03 [info] POST /api/agent/chat 200 - - 9.848 ms {"message":"1","history":[]} 
2026-03-19 16:19:14 [info] POST /api/agent/chat 200 - - 7.205 ms {"role":"user","content":"1"} 
2026-03-19 16:21:47 [info] POST /api/agent/chat 200 - - 2.135 ms {"role":"user","content":"1"} 
2026-03-19 16:23:02 [info] POST /api/agent/chat 200 - - 4.006 ms [{"role":"user","content":"1"}] 
2026-03-19 16:23:49 [info] POST /api/agent/chat 200 - - 2272.794 ms {"messages":[{"role":"user","content":"1"}]} 
2026-03-19 16:27:38 [info] POST /api/agent/chat 200 - - 4054.335 ms {"messages":[{"role":"user","content":"1"}]} 
2026-03-19 16:28:15 [info] POST /api/agent/chat 200 - - 2009.557 ms {"messages":[{"role":"user","content":"帮我生成一个饲喂计划"}]} 
2026-03-19 16:36:11 [info] POST /api/agent/chat 200 - - 2038.226 ms {"messages":[{"role":"user","content":"你是什么大模型"}]} 
2026-03-19 16:38:52 [info] POST /api/agent/chat 200 - - 1794.078 ms {"messages":[{"role":"user","content":"哈哈哈"}]} 
2026-03-19 16:43:50 [info] [Redis] connecting... 
2026-03-19 16:43:50 [info] [Redis] ready 
2026-03-19 16:43:50 [info] Initializing MySQL Database Connection... 
2026-03-19 16:44:07 [info] [Redis] connecting... 
2026-03-19 16:44:07 [info] [Redis] ready 
2026-03-19 16:44:07 [info] Initializing MySQL Database Connection... 
2026-03-19 16:44:19 [info] [Redis] connecting... 
2026-03-19 16:44:19 [info] [Redis] ready 
2026-03-19 16:44:19 [info] Initializing MySQL Database Connection... 
2026-03-19 16:46:35 [info] [Redis] connecting... 
2026-03-19 16:46:35 [info] [Redis] ready 
2026-03-19 16:46:35 [info] Initializing MySQL Database Connection... 
2026-03-19 16:49:13 [info] [Redis] connecting... 
2026-03-19 16:49:13 [info] [Redis] ready 
2026-03-19 16:49:13 [info] Initializing MySQL Database Connection... 
2026-03-19 16:49:20 [info] [Redis] connecting... 
2026-03-19 16:49:20 [info] [Redis] ready 
2026-03-19 16:49:20 [info] Initializing MySQL Database Connection... 
2026-03-19 16:49:26 [info] [Redis] connecting... 
2026-03-19 16:49:26 [info] [Redis] ready 
2026-03-19 16:49:26 [info] Initializing MySQL Database Connection... 
2026-03-19 16:49:34 [info] [Redis] connecting... 
2026-03-19 16:49:34 [info] [Redis] ready 
2026-03-19 16:49:34 [info] Initializing MySQL Database Connection... 
2026-03-19 16:49:58 [info] [Redis] connecting... 
2026-03-19 16:49:58 [info] [Redis] ready 
2026-03-19 16:49:58 [info] Initializing MySQL Database Connection... 
2026-03-19 16:50:20 [info] [Redis] connecting... 
2026-03-19 16:50:20 [info] [Redis] ready 
2026-03-19 16:50:20 [info] Initializing MySQL Database Connection... 
2026-03-19 16:50:57 [info] [Redis] connecting... 
2026-03-19 16:50:57 [info] [Redis] ready 
2026-03-19 16:50:57 [info] Initializing MySQL Database Connection... 
2026-03-19 16:51:41 [info] [Redis] connecting... 
2026-03-19 16:51:41 [info] [Redis] ready 
2026-03-19 16:51:41 [info] Initializing MySQL Database Connection... 
2026-03-19 16:52:20 [info] POST /api/agent/chat 200 - - 16872.935 ms {"messages":[{"role":"user","content":"读取日志"}]} 
2026-03-19 16:52:28 [info] POST /api/agent/chat 200 - - 2070.121 ms {"messages":[{"role":"user","content":"读取日志"}]} 
2026-03-19 16:53:23 [info] POST /api/agent/chat 200 - - 2346.608 ms {"messages":[{"role":"user","content":"读取/Users/zhengweipeng/Desktop/my/fpf-agent/logs/app.log"}]} 
2026-03-19 16:54:25 [info] POST /api/agent/chat 200 - - 2222.975 ms {"messages":[{"role":"user","content":"读取/Users/zhengweipeng/Desktop/my/fpf-agent/logs/app.log"}]} 
2026-03-19 16:55:01 [info] [Redis] connecting... 
2026-03-19 16:55:01 [info] [Redis] ready 
2026-03-19 16:55:01 [info] Initializing MySQL Database Connection... 
2026-03-19 16:55:08 [info] POST /api/agent/chat 200 - - 3892.677 ms {"messages":[{"role":"user","content":"读取/Users/zhengweipeng/Desktop/my/fpf-agent/logs/app.log"}]} 
2026-03-19 16:55:22 [info] POST /api/agent/chat 200 - - 2361.481 ms {"messages":[{"role":"user","content":"读取/Users/zhengweipeng/Desktop/my/fpf-agent/logs/app.log"}]} 
2026-03-19 16:56:09 [info] POST /api/agent/chat 200 - - 9434.322 ms {"messages":[{"role":"user","content":"获取当前系统的运行日志"}]} 
2026-03-19 16:56:46 [info] POST /api/agent/chat 200 - - 1639.141 ms {"messages":[{"role":"user","content":"获取当前服务的运行日志"}]} 
2026-03-19 16:57:03 [info] POST /api/agent/chat 200 - - 4171.969 ms {"messages":[{"role":"user","content":"日志文件放哪里"}]} 
2026-03-19 16:57:49 [info] POST /api/agent/chat 200 - - 3029.922 ms {"messages":[{"role":"user","content":"帮我查当前项目的日志文件放哪里"}]} 
2026-03-19 17:08:41 [info] POST /api/agent/chat 200 - - 3350.948 ms {"messages":[{"role":"user","content":"帮我查当前项目的日志文件放哪里，并输出日志"}]} 
2026-03-19 17:12:37 [info] [Redis] connecting... 
2026-03-19 17:12:37 [info] [Redis] ready 
2026-03-19 17:12:37 [info] Initializing MySQL Database Connection... 
2026-03-19 17:15:16 [info] [Redis] connecting... 
2026-03-19 17:15:16 [info] [Redis] ready 
2026-03-19 17:15:16 [info] Initializing MySQL Database Connection... 
2026-03-19 17:16:17 [info] [Redis] connecting... 
2026-03-19 17:16:17 [info] [Redis] ready 
2026-03-19 17:16:17 [info] Initializing MySQL Database Connection... 
2026-03-19 17:16:28 [info] [Redis] connecting... 
2026-03-19 17:16:28 [info] [Redis] ready 
2026-03-19 17:16:28 [info] Initializing MySQL Database Connection... 
2026-03-19 17:16:34 [info] [Redis] connecting... 
2026-03-19 17:16:34 [info] [Redis] ready 
2026-03-19 17:16:34 [info] Initializing MySQL Database Connection... 
2026-03-19 17:16:47 [info] [Redis] connecting... 
2026-03-19 17:16:47 [info] [Redis] ready 
2026-03-19 17:16:47 [info] Initializing MySQL Database Connection... 
2026-03-19 17:17:48 [info] [Redis] connecting... 
2026-03-19 17:17:48 [info] [Redis] ready 
2026-03-19 17:17:48 [info] Initializing MySQL Database Connection... 
2026-03-19 17:18:50 [info] POST /api/agent/chat 200 - - 1763.752 ms {"messages":[{"role":"user","content":"1","sessionId":111}]} 
2026-03-19 17:19:09 [info] POST /api/agent/chat 200 - - 1004.180 ms {"messages":[{"role":"user","content":"我上一句说了什么","sessionId":111}]} 
2026-03-19 17:20:15 [info] POST /api/agent/chat 200 - - 2051.190 ms {"messages":[{"role":"user","content":"2","sessionId":111}]} 
2026-03-19 17:20:49 [info] [Redis] connecting... 
2026-03-19 17:20:49 [info] [Redis] ready 
2026-03-19 17:20:49 [info] Initializing MySQL Database Connection... 
2026-03-19 17:20:52 [info] [Redis] connecting... 
2026-03-19 17:20:52 [info] [Redis] ready 
2026-03-19 17:20:52 [info] Initializing MySQL Database Connection... 
2026-03-19 17:21:00 [info] POST /api/agent/chat 200 - - 1549.481 ms {"messages":[{"role":"user","content":"1","sessionId":111}]} 
2026-03-19 17:21:06 [info] POST /api/agent/chat 200 - - 1426.870 ms {"messages":[{"role":"user","content":"2","sessionId":111}]} 
2026-03-19 17:23:19 [info] [Redis] connecting... 
2026-03-19 17:23:19 [info] [Redis] ready 
2026-03-19 17:23:19 [info] Initializing MySQL Database Connection... 
2026-03-19 17:23:25 [info] POST /api/agent/chat 200 - - 2968.922 ms {"messages":[{"role":"user","content":"1","sessionId":111}]} 
2026-03-19 17:23:38 [info] POST /api/agent/chat 200 - - 1049.311 ms {"messages":[{"role":"user","content":"2","sessionId":111}]} 
2026-03-19 17:25:47 [info] [Redis] connecting... 
2026-03-19 17:25:47 [info] [Redis] ready 
2026-03-19 17:25:47 [info] Initializing MySQL Database Connection... 
2026-03-19 17:25:55 [info] POST /api/agent/chat 200 - - 1561.732 ms {"messages":[{"role":"user","content":"1","sessionId":111}]} 
2026-03-19 17:25:57 [info] POST /api/agent/chat 200 - - 559.925 ms {"messages":[{"role":"user","content":"2","sessionId":111}]} 
2026-03-19 17:27:32 [info] [Redis] connecting... 
2026-03-19 17:27:32 [info] [Redis] ready 
2026-03-19 17:27:32 [info] Initializing MySQL Database Connection... 
2026-03-19 17:27:39 [info] [Redis] connecting... 
2026-03-19 17:27:39 [info] [Redis] ready 
2026-03-19 17:27:39 [info] Initializing MySQL Database Connection... 
2026-03-19 17:30:39 [info] [Redis] connecting... 
2026-03-19 17:30:39 [info] [Redis] ready 
2026-03-19 17:30:39 [info] Initializing MySQL Database Connection... 
2026-03-19 17:31:58 [info] [Redis] connecting... 
2026-03-19 17:31:58 [info] [Redis] ready 
2026-03-19 17:31:58 [info] Initializing MySQL Database Connection... 
2026-03-19 17:32:49 [info] [Redis] connecting... 
2026-03-19 17:32:49 [info] [Redis] ready 
2026-03-19 17:32:49 [info] Initializing MySQL Database Connection... 
2026-03-19 17:32:55 [info] POST /api/agent/chat 200 - - 1588.274 ms {"messages":[{"role":"user","content":"1","sessionId":111}]} 
2026-03-19 17:32:57 [info] POST /api/agent/chat 200 - - 1031.715 ms {"messages":[{"role":"user","content":"2","sessionId":111}]} 
2026-03-19 17:33:12 [info] POST /api/agent/chat 200 - - 1956.182 ms {"messages":[{"role":"user","content":"我上一句说了什么","sessionId":111}]} 
2026-03-19 17:38:43 [info] POST /api/agent/chat 200 - - 1633.416 ms {"messages":[{"role":"user","content":"1"}],"sessionId":111} 
2026-03-19 17:38:53 [info] POST /api/agent/chat 200 - - 1492.591 ms {"messages":[{"role":"user","content":"2"}],"sessionId":111} 
2026-03-19 17:39:41 [info] [Redis] connecting... 
2026-03-19 17:39:41 [info] [Redis] ready 
2026-03-19 17:39:41 [info] Initializing MySQL Database Connection... 
2026-03-19 17:39:46 [info] POST /api/agent/chat 200 - - 1577.511 ms {"messages":[{"role":"user","content":"1"}],"sessionId":111} 
2026-03-19 17:40:06 [info] POST /api/agent/chat 200 - - 1529.290 ms {"messages":[{"role":"user","content":"2"}],"sessionId":111} 
2026-03-19 17:41:21 [info] [Redis] connecting... 
2026-03-19 17:41:21 [info] [Redis] ready 
2026-03-19 17:41:21 [info] Initializing MySQL Database Connection... 
2026-03-19 17:41:28 [info] POST /api/agent/chat 200 - - 2632.769 ms {"messages":[{"role":"user","content":"1"}],"sessionId":111} 
2026-03-19 17:41:34 [info] POST /api/agent/chat 200 - - 1553.891 ms {"messages":[{"role":"user","content":"2"}],"sessionId":111} 
2026-03-19 17:41:52 [info] [Redis] connecting... 
2026-03-19 17:41:52 [info] [Redis] ready 
2026-03-19 17:41:52 [info] Initializing MySQL Database Connection... 
2026-03-19 17:41:59 [info] POST /api/agent/chat 200 - - 1982.947 ms {"messages":[{"role":"user","content":"1"}],"sessionId":111} 
2026-03-19 17:42:08 [info] POST /api/agent/chat 200 - - 2571.341 ms {"messages":[{"role":"user","content":"2"}],"sessionId":111} 
2026-03-19 17:42:28 [info] [Redis] connecting... 
2026-03-19 17:42:28 [info] [Redis] ready 
2026-03-19 17:42:28 [info] Initializing MySQL Database Connection... 
2026-03-19 17:42:32 [info] POST /api/agent/chat 200 - - 1687.697 ms {"messages":[{"role":"user","content":"1"}],"sessionId":111} 
2026-03-19 17:42:37 [info] POST /api/agent/chat 200 - - 922.836 ms {"messages":[{"role":"user","content":"2"}],"sessionId":111} 
2026-03-19 17:43:44 [info] [Redis] connecting... 
2026-03-19 17:43:44 [info] [Redis] ready 
2026-03-19 17:43:44 [info] Initializing MySQL Database Connection... 
2026-03-19 17:43:51 [info] POST /api/agent/chat 200 - - 2071.409 ms {"messages":[{"role":"user","content":"1"}],"sessionId":111} 
2026-03-19 17:43:56 [info] POST /api/agent/chat 200 - - 2334.186 ms {"messages":[{"role":"user","content":"2"}],"sessionId":111} 
2026-03-19 17:44:04 [info] [Redis] connecting... 
2026-03-19 17:44:04 [info] [Redis] ready 
2026-03-19 17:44:04 [info] Initializing MySQL Database Connection... 
2026-03-19 17:56:14 [info] POST /api/agent/chat 200 - - 1602.358 ms {"messages":[{"role":"user","content":"23"}],"sessionId":111} 
2026-03-19 19:52:13 [info] POST /api/agent/chat 200 - - 2033.480 ms {"messages":[{"role":"user","content":"1"}],"sessionId":111} 
2026-03-20 10:52:09 [info] [Redis] connecting... 
2026-03-20 10:52:09 [info] [Redis] ready 
2026-03-20 10:52:09 [info] Initializing MySQL Database Connection... 
2026-03-20 10:54:16 [info] [Redis] connecting... 
2026-03-20 10:54:16 [info] [Redis] ready 
2026-03-20 10:54:16 [info] Initializing MySQL Database Connection... 
2026-03-20 10:55:15 [info] GET /api/agent/models 404 155 - 3.958 ms {} 
2026-03-20 10:55:42 [info] [Redis] connecting... 
2026-03-20 10:55:42 [info] [Redis] ready 
2026-03-20 10:55:42 [info] Initializing MySQL Database Connection... 
2026-03-20 10:56:28 [info] [Redis] connecting... 
2026-03-20 10:56:28 [info] [Redis] ready 
2026-03-20 10:56:28 [info] Initializing MySQL Database Connection... 
2026-03-20 10:56:30 [info] GET /api/agent/models 200 3327 - 1139.661 ms {} 
2026-03-20 10:57:13 [info] [Redis] connecting... 
2026-03-20 10:57:14 [info] [Redis] ready 
2026-03-20 10:57:14 [info] Initializing MySQL Database Connection... 
2026-03-20 10:57:34 [info] POST /api/agent/chat 200 - - 3792.209 ms {"messages":[{"role":"user","content":"你好"}]} 
2026-03-20 10:59:26 [info] POST /api/agent/chat 200 - - 5142.020 ms {"messages":[{"role":"user","content":"你是什么大模型"}],"sessionId":111} 
2026-03-20 10:59:53 [info] POST /api/agent/chat 200 - - 5627.691 ms {"messages":[{"role":"user","content":"你是什么大模型"}]} 
2026-03-20 11:18:05 [info] [Redis] connecting... 
2026-03-20 11:18:05 [info] [Redis] ready 
2026-03-20 11:18:05 [info] Initializing MySQL Database Connection... 
2026-03-20 11:18:44 [info] [Redis] connecting... 
2026-03-20 11:18:44 [info] [Redis] ready 
2026-03-20 11:18:44 [info] Initializing MySQL Database Connection... 
2026-03-20 11:19:22 [info] POST /api/agent/chat 200 - - 19324.084 ms {"messages":[{"role":"user","content":"你好"}],"sessionId":111} 
2026-03-20 11:26:15 [info] [Redis] connecting... 
2026-03-20 11:26:15 [info] [Redis] ready 
2026-03-20 11:26:15 [info] Initializing MySQL Database Connection... 
2026-03-20 11:37:13 [info] POST /api/agent/chat 200 - - 7806.839 ms {"messages":[{"role":"user","content":"nihao"}],"sessionId":111} 
2026-03-20 11:39:55 [info] POST /api/agent/chat 200 - - 22012.997 ms {"messages":[{"role":"user","content":"环保处理"}],"sessionId":111} 
2026-03-20 11:44:29 [info] [Redis] connecting... 
2026-03-20 11:44:29 [info] [Redis] ready 
2026-03-20 11:44:29 [info] Initializing MySQL Database Connection... 
2026-03-20 11:52:33 [info] [Redis] connecting... 
2026-03-20 11:52:33 [info] [Redis] ready 
2026-03-20 11:52:33 [info] Initializing MySQL Database Connection... 
2026-03-22 09:38:32 [info] GET / 404 139 - 3.968 ms {} 
2026-03-22 09:38:33 [info] GET /nice%20ports%2C/Tri%6Eity.txt%2ebak 404 174 - 0.195 ms {} 
2026-03-22 09:40:33 [info] GET / 404 139 - 0.294 ms {} 
2026-03-22 10:26:40 [info] HEAD / 404 140 - 1.015 ms {} 
2026-03-24 14:32:14 [info] [Redis] connecting... 
2026-03-24 14:32:14 [info] [Redis] ready 
2026-03-24 14:32:14 [info] Initializing MySQL Database Connection... 
